C51 COMPILER V9.57.0.0   MAIN2                                                             05/10/2022 17:09:05 PAGE 1   


C51 COMPILER V9.57.0.0, COMPILATION OF MODULE MAIN2
OBJECT MODULE PLACED IN .\Objects\main2.obj
COMPILER INVOKED BY: D:\KEIL\Keil_v5\C51\BIN\C51.EXE main2.c OPTIMIZE(8,SPEED) BROWSE DEBUG OBJECTEXTEND PRINT(.\Listing
                    -s\main2.lst) TABS(2) OBJECT(.\Objects\main2.obj)

line level    source

   1          #include"reg51.h"
   2          #include"intrins.h"
   3          
   4          #define uc unsigned char
   5          
   6          sbit SDA = P1 ^ 0;
   7          sbit SCL = P1 ^ 1;
   8          
   9          bit NackFlag;      //定义非应答标志
  10          
  11          void delay()       //微秒延时，大概5us
  12          {
  13   1          ;
  14   1        ;
  15   1        ;
  16   1        ;
  17   1        ;
  18   1        ;
  19   1        ;
  20   1      }
  21          
  22          void delayxms(uc count)    //毫秒延时函数
  23          {
  24   1          uc i, j;
  25   1          for (i = 0; i < count; i++) {
  26   2              for (j = 0; j < 120; j++);
  27   2          }
  28   1      }
  29          
  30          
  31          void i2_start(void)      //启动I2C通信
  32          {
  33   1          SDA = 1;
  34   1          SCL = 1;
  35   1          delay();
  36   1          SDA = 0;
  37   1          delay();
  38   1          SCL = 0;
  39   1      }
  40          
  41          void i2_stop(void)          //停止I2C通信
  42          {
  43   1          SDA = 0;
  44   1          SCL = 1;
  45   1          delay();
  46   1          SDA = 1;
  47   1          delay();
  48   1          SCL = 0;
  49   1      }
  50          
  51          void checkACK(void)       //应答检查
  52          {
  53   1          SDA = 1;
  54   1          SCL = 1;
C51 COMPILER V9.57.0.0   MAIN2                                                             05/10/2022 17:09:05 PAGE 2   

  55   1          NackFlag = 0;
  56   1          if (SDA == 1) {
  57   2              NackFlag = 1;
  58   2          }
  59   1          SCL = 0;
  60   1      }
  61          
  62          void send8Bit(uc num)         //发送一个8位数据子函数
  63          {
  64   1          uc i = 8;
  65   1          uc temp;
  66   1          temp = num;
  67   1          for (i = 8; i > 0; i--) {
  68   2              SDA = temp & 0x80;      //根据IIC协议，应该从最高位开始发
  69   2              SCL = 1;                //&是与运算符。temp&0x80：表示取temp的最高位。0x80 = 1000 0000
  70   2              delay();
  71   2              SCL = 0;
  72   2              temp = temp << 1;        //temp左移移位，0补空位。如temp=1010 0010 左移后temp=0100 0100
  73   2          }
  74   1      }
  75          
  76          void sendByte(uc addr, uc num)     //写数据函数
  77          {
  78   1          i2_start();
  79   1          send8Bit(0xa0);        //单片机寻找芯片
  80   1          checkACK();            //检查应答信号
  81   1          send8Bit(addr);        //确定器件存储位地址
  82   1          checkACK();
  83   1          send8Bit(num);        //写数据
  84   1          checkACK();
  85   1          i2_stop();
  86   1          delayxms(10);
  87   1      }
  88          
  89          uc read8Bit()             //读8位数据子函数
  90          {
  91   1          uc i, k;
  92   1          SCL = 0;
  93   1          delay();
  94   1          SDA = 1;
  95   1          for (i = 0; i < 8; i++) {
  96   2              SCL = 1;
  97   2              delay();
  98   2              k = (k << 1) | SDA;      //从最高位读取。(k<<1)|SDA：k先左移一位，然后与SDA按位或
  99   2              SCL = 0;
 100   2              delay();
 101   2          }
 102   1          delay();
 103   1          return k;
 104   1      }
 105          
 106          uc readByte(uc addr)     //读取数据函数
 107          {
 108   1          uc data_;
 109   1          i2_start();
 110   1          send8Bit(0xa0);        //单片机寻找芯片
 111   1          checkACK();
 112   1      
 113   1          send8Bit(addr);
 114   1          checkACK();
 115   1      
 116   1          i2_start();
C51 COMPILER V9.57.0.0   MAIN2                                                             05/10/2022 17:09:05 PAGE 3   

 117   1      
 118   1          send8Bit(0xa1);        //器件地址+1 ，这是一个读取数据的控制命令字
 119   1          checkACK();
 120   1      
 121   1          data_ = read8Bit();
 122   1          checkACK();
 123   1      
 124   1          i2_stop();
 125   1          delayxms(10);
 126   1          return data_;
 127   1      }
 128          
 129          void main() {
 130   1      while (1){
 131   2          uc read_data, i;  //定义要放在最前面
 132   2          
 133   2          for (i = 0; i < 0xff; i++) {
 134   3              sendByte(i, 0);     //将芯片所有位 置0
 135   3              delayxms(5);
 136   3          }
 137   2      
 138   2          sendByte(0, 0x0b);     //在第0个位置写入0x0B
 139   2          delayxms(5);
 140   2      
 141   2      //  uc test;
 142   2          read_data = readByte(0);     //读取第0个位置的数据
 143   2          delayxms(5);
 144   2      
 145   2          sendByte(3, read_data);     //将读取的数据写入到第3个位置
 146   2          delayxms(5);
 147   2      
 148   2          sendByte(5, read_data);     //将读取的数据写入到第5个位置
 149   2          delayxms(5);
 150   2          
 151   2        }
 152   1      
 153   1          
 154   1      }


MODULE INFORMATION:   STATIC OVERLAYABLE
   CODE SIZE        =    252    ----
   CONSTANT SIZE    =   ----    ----
   XDATA SIZE       =   ----    ----
   PDATA SIZE       =   ----    ----
   DATA SIZE        =   ----       2
   IDATA SIZE       =   ----    ----
   BIT SIZE         =      1    ----
END OF MODULE INFORMATION.


C51 COMPILATION COMPLETE.  0 WARNING(S),  0 ERROR(S)
