C51 COMPILER V9.57.0.0   MAIN2                                                             05/10/2022 18:49:14 PAGE 1   


C51 COMPILER V9.57.0.0, COMPILATION OF MODULE MAIN2
OBJECT MODULE PLACED IN .\Objects\main2.obj
COMPILER INVOKED BY: D:\KEIL\Keil_v5\C51\BIN\C51.EXE main2.c OPTIMIZE(8,SPEED) BROWSE DEBUG OBJECTEXTEND PRINT(.\Listing
                    -s\main2.lst) TABS(2) OBJECT(.\Objects\main2.obj)

line level    source

   1          #include<reg51.h>
   2          
   3          
   4          sbit p10 = P1^0;
   5          sbit p11 = P1^1;
   6          sbit p12 = P1^2;
   7          
   8          
   9          int time = 50000; // 定时时间, 50ms中断一次
  10          int count = 0; // 用来记录, 第几次定时
  11          int num = 1;
  12          void init();
  13          
  14          
  15          int main(){
  16   1        init();
  17   1        
  18   1        while(1){
  19   2          
  20   2          if (num % 2 == 0){
  21   3            p11 = ~p11;
  22   3            num = 3;
  23   3          }
  24   2          if (num % 4  == 0){
  25   3            p12 = ~p12;
  26   3            num = 1;
  27   3          }
  28   2      
  29   2          /*
  30   2              if (count % 20 == 0){
  31   2            p10 = ~p10;
  32   2          }if (count % 40 == 0){
  33   2            p11 = ~p11;
  34   2          }
  35   2          if (count % 80 == 0){
  36   2            p12 = ~p12;
  37   2          }
  38   2            count++; 
  39   2          */
  40   2        }
  41   1        
  42   1        
  43   1        return 1;
  44   1        
  45   1      }
  46          
  47          void init(){
  48   1        P1 = 0x00;
  49   1        // 使用定时器0, 方式2, 定时模式
  50   1        TMOD = 0x01; // 0000 0001
  51   1        // 初值
  52   1        TH0 = (65535 - time)/256;
  53   1        TL0 = (65535- time) % 256;
  54   1        
C51 COMPILER V9.57.0.0   MAIN2                                                             05/10/2022 18:49:14 PAGE 2   

  55   1        ET0 = 1; // 开启timer0中断
  56   1        EA = 1; // 开启总中断
  57   1        TR0 = 1;
  58   1        
  59   1        
  60   1        
  61   1      }
  62          
  63          
  64          
  65          void time0() interrupt 1{
  66   1        
  67   1        TH0 = (65535 - time) / 256;
  68   1        TL0 = (65535 - time) % 256;
  69   1        count++;
  70   1        if (count >= 20){ // 1s定时
  71   2          p10 = ~p10;
  72   2          count = 0;
  73   2          num++; // 定时
  74   2        }
  75   1      
  76   1        
  77   1      
  78   1        
  79   1      }
*** WARNING C294 IN LINE 43 OF main2.c: unreachable code


MODULE INFORMATION:   STATIC OVERLAYABLE
   CODE SIZE        =    317    ----
   CONSTANT SIZE    =   ----    ----
   XDATA SIZE       =   ----    ----
   PDATA SIZE       =   ----    ----
   DATA SIZE        =      6    ----
   IDATA SIZE       =   ----    ----
   BIT SIZE         =   ----    ----
END OF MODULE INFORMATION.


C51 COMPILATION COMPLETE.  1 WARNING(S),  0 ERROR(S)
