C51 COMPILER V9.57.0.0   MIAN                                                              05/10/2022 18:49:23 PAGE 1   


C51 COMPILER V9.57.0.0, COMPILATION OF MODULE MIAN
OBJECT MODULE PLACED IN .\Objects\mian.obj
COMPILER INVOKED BY: D:\KEIL\Keil_v5\C51\BIN\C51.EXE mian.c OPTIMIZE(8,SPEED) BROWSE DEBUG OBJECTEXTEND PRINT(.\Listings
                    -\mian.lst) TABS(2) OBJECT(.\Objects\mian.obj)

line level    source

   1          #include<reg51.h>
   2          
   3          sbit p10 = P1^0;
   4          sbit p11 = P1^1;
   5          sbit p12 = P1^2;
   6          
   7          void init();
   8          void delay_1s();
   9          
  10          int main(){
  11   1        int i = 0;
  12   1        init();
  13   1        while(1){
  14   2          
  15   2          delay_1s();
  16   2          i++;
  17   2          p10 = ~p10; // 取反
  18   2          
  19   2          if(i % 2 == 0){
  20   3            p11 = ~p11;
  21   3          }
  22   2          
  23   2          if(i % 4 == 0){
  24   3            p12 = ~p12;
  25   3          }
  26   2          
  27   2        }
  28   1        
  29   1        return 1;
  30   1        
  31   1        
  32   1      }
  33          
  34          void init(){
  35   1        P1 = 0x00; // 初始化
  36   1      }
  37          
  38          
  39          void delay_1s(){
  40   1        int i = 100, j = 1000;
  41   1        for(; i > 0; i--){
  42   2          for (; j > 0; j--){
  43   3              ;
  44   3          }
  45   2        }
  46   1      }
*** WARNING C294 IN LINE 29 OF mian.c: unreachable code


MODULE INFORMATION:   STATIC OVERLAYABLE
   CODE SIZE        =     96    ----
   CONSTANT SIZE    =   ----    ----
   XDATA SIZE       =   ----    ----
   PDATA SIZE       =   ----    ----
C51 COMPILER V9.57.0.0   MIAN                                                              05/10/2022 18:49:23 PAGE 2   

   DATA SIZE        =   ----       2
   IDATA SIZE       =   ----    ----
   BIT SIZE         =   ----    ----
END OF MODULE INFORMATION.


C51 COMPILATION COMPLETE.  1 WARNING(S),  0 ERROR(S)
