C51 COMPILER V9.57.0.0   MAIN                                                              05/11/2022 14:09:46 PAGE 1   


C51 COMPILER V9.57.0.0, COMPILATION OF MODULE MAIN
OBJECT MODULE PLACED IN .\Objects\main.obj
COMPILER INVOKED BY: D:\KEIL\Keil_v5\C51\BIN\C51.EXE main.c OPTIMIZE(8,SPEED) BROWSE DEBUG OBJECTEXTEND PRINT(.\Listings
                    -\main.lst) TABS(2) OBJECT(.\Objects\main.obj)

line level    source

   1          #include "reg51.h"
   2          #include "uart.h"
*** WARNING C318 IN LINE 2 OF main.c: can't open file 'uart.h'
   3          
   4          #define uchar unsigned char
   5          uchar code table[]={0x3f,0x06,0x5b,0x4f,0x66,0x6d,0x7d, 0x07,0x7f,0x6f,0x77,0x7c,0x39,0x5e,0x79,0x71};
   6            
   7          //串口初始化，设置波特率为9600，使用定时器1,晶振频率11.0592Mhz
   8          void UART_Init(){
   9   1        //设置波特率9600
  10   1        TMOD|=0x20;  //定时器1工作于自动重装载模式
  11   1        TH1=0xfd;
  12   1        TH0=0xfd;
  13   1        TR1=1; //启动定时器1
  14   1        ET1=0; //禁止定时器1中断
  15   1        PCON&=0x7f; //设置SMOD=0，波特率不加倍
  16   1        SCON=0x50; //工作于方式1  8位无校验异步通信的收发模式，并清空收发中断标志位
  17   1        EA=1;  //总中断允许
  18   1        ES=0;//禁止串口收发中断（本程序中不使用串口中断）
  19   1      }
  20          
  21          void UART_Send_Data(uchar byte){ // 发送数据
  22   1        SBUF=byte; // 将SUBF缓冲区设置为byte
  23   1        while(!TI);//等待串口数据发送完毕
  24   1        TI=0;//将发送中断标志位清0，为下次发送数据做准备
  25   1      }
  26          
  27          
  28          uchar UART_Receive_Data(){
  29   1        uchar temp;
  30   1        while(!RI);//等待串口接收到数据（RI被置1）
  31   1        temp=SBUF; // 从SBUF中取出
  32   1        RI=0;//清空接收中断标志位，为下次接收做准备
  33   1        return temp;
  34   1      }
  35          
  36          
  37          
  38          
  39          int main(){
  40   1        uchar temp = 0;
  41   1        // 初始化。
  42   1        UART_Init();
  43   1        while(1){
  44   2          // 测试1
  45   2          temp = UART_Receive_Data();
  46   2      //    
  47   2          // 
  48   2          if (temp >= '0' && temp <= '9'){ 
  49   3            // P1 = 1 << temp - '0';
  50   3            P1 = table[temp - '0'];
  51   3          }
  52   2          
  53   2          // 测试2
C51 COMPILER V9.57.0.0   MAIN                                                              05/11/2022 14:09:46 PAGE 2   

  54   2          UART_Send_Data(UART_Receive_Data());
  55   2            
  56   2        }
  57   1        
  58   1        return 0;
  59   1        
  60   1      }
*** WARNING C294 IN LINE 58 OF main.c: unreachable code


MODULE INFORMATION:   STATIC OVERLAYABLE
   CODE SIZE        =     77    ----
   CONSTANT SIZE    =     16    ----
   XDATA SIZE       =   ----    ----
   PDATA SIZE       =   ----    ----
   DATA SIZE        =   ----    ----
   IDATA SIZE       =   ----    ----
   BIT SIZE         =   ----    ----
END OF MODULE INFORMATION.


C51 COMPILATION COMPLETE.  2 WARNING(S),  0 ERROR(S)
